16-10-2018 09:06:22.348 [main] INFO  c.s.m.MovieServiceApplication.logStarting - Starting MovieServiceApplication on BLR-STR-AISHWARYA with PID 31191 (/home/aishwarya/movie-service/target/classes started by aishwarya in /home/aishwarya/movie-service)
16-10-2018 09:06:22.356 [main] DEBUG c.s.m.MovieServiceApplication.logStarting - Running with Spring Boot v2.0.5.RELEASE, Spring v5.0.9.RELEASE
16-10-2018 09:06:22.358 [main] INFO  c.s.m.MovieServiceApplication.logStartupProfileInfo - No active profile set, falling back to default profiles: default
16-10-2018 09:06:22.395 [main] INFO  o.s.b.w.s.c.AnnotationConfigServletWebServerApplicationContext.prepareRefresh - Refreshing org.springframework.boot.web.servlet.context.AnnotationConfigServletWebServerApplicationContext@1b410b60: startup date [Tue Oct 16 09:06:22 IST 2018]; root of context hierarchy
16-10-2018 09:06:23.712 [main] INFO  o.s.b.w.e.tomcat.TomcatWebServer.initialize - Tomcat initialized with port(s): 8090 (http)
16-10-2018 09:06:23.732 [main] INFO  o.a.catalina.core.StandardService.log - Starting service [Tomcat]
16-10-2018 09:06:23.732 [main] INFO  o.a.catalina.core.StandardEngine.log - Starting Servlet Engine: Apache Tomcat/8.5.34
16-10-2018 09:06:23.740 [localhost-startStop-1] INFO  o.a.c.core.AprLifecycleListener.log - The APR based Apache Tomcat Native library which allows optimal performance in production environments was not found on the java.library.path: [/usr/java/packages/lib:/usr/lib64:/lib64:/lib:/usr/lib]
16-10-2018 09:06:23.819 [localhost-startStop-1] INFO  o.a.c.c.C.[Tomcat].[localhost].[/].log - Initializing Spring embedded WebApplicationContext
16-10-2018 09:06:23.842 [localhost-startStop-1] INFO  o.s.b.w.s.ServletRegistrationBean.addRegistration - Servlet dispatcherServlet mapped to [/]
16-10-2018 09:06:23.845 [localhost-startStop-1] INFO  o.s.b.w.s.FilterRegistrationBean.configure - Mapping filter: 'characterEncodingFilter' to: [/*]
16-10-2018 09:06:24.024 [main] INFO  org.mongodb.driver.cluster.info - Cluster created with settings {hosts=[localhost:27017], mode=SINGLE, requiredClusterType=UNKNOWN, serverSelectionTimeout='30000 ms', maxWaitQueueSize=500}
16-10-2018 09:06:24.063 [cluster-ClusterId{value='5bc55cb8b9d7ba79d780e601', description='null'}-localhost:27017] INFO  org.mongodb.driver.connection.info - Opened connection [connectionId{localValue:1, serverValue:35}] to localhost:27017
16-10-2018 09:06:24.065 [cluster-ClusterId{value='5bc55cb8b9d7ba79d780e601', description='null'}-localhost:27017] INFO  org.mongodb.driver.cluster.info - Monitor thread successfully connected to server with description ServerDescription{address=localhost:27017, type=STANDALONE, state=CONNECTED, ok=true, version=ServerVersion{versionList=[3, 2, 21]}, minWireVersion=0, maxWireVersion=4, maxDocumentSize=16777216, logicalSessionTimeoutMinutes=null, roundTripTimeNanos=924472}
16-10-2018 09:06:24.548 [main] INFO  s.d.s.w.PropertySourcedRequestMappingHandlerMapping.initHandlerMethods - Mapped URL path [/v2/api-docs] onto method [public org.springframework.http.ResponseEntity<springfox.documentation.spring.web.json.Json> springfox.documentation.swagger2.web.Swagger2Controller.getDocumentation(java.lang.String,javax.servlet.http.HttpServletRequest)]
16-10-2018 09:06:24.811 [main] INFO  o.s.j.e.a.AnnotationMBeanExporter.afterSingletonsInstantiated - Registering beans for JMX exposure on startup
16-10-2018 09:06:24.817 [main] INFO  o.s.c.s.DefaultLifecycleProcessor.start - Starting beans in phase 2147483647
16-10-2018 09:06:24.817 [main] INFO  s.d.s.w.p.DocumentationPluginsBootstrapper.start - Context refreshed
16-10-2018 09:06:24.832 [main] INFO  s.d.s.w.p.DocumentationPluginsBootstrapper.start - Found 1 custom documentation plugin(s)
16-10-2018 09:06:24.849 [main] INFO  s.d.s.w.s.ApiListingReferenceScanner.scan - Scanning for api listing references
16-10-2018 09:06:24.953 [main] INFO  o.s.b.w.e.tomcat.TomcatWebServer.start - Tomcat started on port(s): 8090 (http) with context path ''
16-10-2018 09:06:24.956 [main] INFO  c.s.m.MovieServiceApplication.logStarted - Started MovieServiceApplication in 2.964 seconds (JVM running for 3.335)
16-10-2018 09:57:38.936 [Thread-2] INFO  o.s.b.w.s.c.AnnotationConfigServletWebServerApplicationContext.doClose - Closing org.springframework.boot.web.servlet.context.AnnotationConfigServletWebServerApplicationContext@1b410b60: startup date [Tue Oct 16 09:06:22 IST 2018]; root of context hierarchy
16-10-2018 09:57:38.940 [Thread-2] INFO  o.s.c.s.DefaultLifecycleProcessor.stop - Stopping beans in phase 2147483647
16-10-2018 09:57:38.941 [Thread-2] INFO  o.s.j.e.a.AnnotationMBeanExporter.destroy - Unregistering JMX-exposed beans on shutdown
